<?xml version="1.0" encoding="UTF-8"?>
<!-- Generated by org.testng.reporters.JUnitReportReporter -->
<testsuite hostname="Chirag-PC" name="com.selenium.testcases.BuyDSLRCameras" tests="1" failures="0" timestamp="14 Mar 2017 01:36:37 GMT" time="0.012" errors="0">
  <testcase name="f" time="0.012" classname="com.selenium.testcases.BuyDSLRCameras"/>
</testsuite> <!-- com.selenium.testcases.BuyDSLRCameras -->
