<?xml version="1.0" encoding="UTF-8"?>
<!-- Generated by org.testng.reporters.JUnitReportReporter -->
<testsuite hostname="Chirag-PC" name="com.selenium.testcases.BuyCameras" tests="1" failures="0" timestamp="17 Mar 2017 02:15:53 GMT" time="5.439" errors="0">
  <testcase name="buyDSLRCameras" time="5.439" classname="com.selenium.testcases.BuyCameras"/>
</testsuite> <!-- com.selenium.testcases.BuyCameras -->
